Info:  Net Ref:/WORK/SYS_TOP/SO[3] is undriven.
Info:  Net Ref:/WORK/SYS_TOP/SO[2] is undriven.
Info:  Net Ref:/WORK/SYS_TOP/SO[1] is undriven.
Info:  Net Ref:/WORK/SYS_TOP/SO[0] is undriven.
Info:  Net Imp:/WORK/ALU_DW_div_uns_0/remainder[7] is undriven.
Info:  Net Imp:/WORK/ALU_DW_div_uns_0/remainder[6] is undriven.
Info:  Net Imp:/WORK/ALU_DW_div_uns_0/remainder[5] is undriven.
Info:  Net Imp:/WORK/ALU_DW_div_uns_0/remainder[4] is undriven.
Info:  Net Imp:/WORK/ALU_DW_div_uns_0/remainder[3] is undriven.
Info:  Net Imp:/WORK/ALU_DW_div_uns_0/remainder[2] is undriven.
Info:  Net Imp:/WORK/ALU_DW_div_uns_0/remainder[1] is undriven.
Info:  Net Imp:/WORK/ALU_DW_div_uns_0/remainder[0] is undriven.
Info:  Net Imp:/WORK/ALU_DW_div_uns_0/divide_by_0 is undriven.
Info:  Net Imp:/WORK/ALU_DW01_sub_0/CO is undriven.
Info:  Net Imp:/WORK/ALU_DW01_add_0/CO is undriven.
Info:  Net Imp:/WORK/ALU_DW01_add_1/CO is undriven.
Info:  guide_uniquify 90 (Line: 683)  Cannot find object "U1_ClkDiv/U11" in design 'SYS_TOP'.
Info:  SVF Operation 90 (Line: 683) - uniquify.  Status: rejected
Info:  guide_uniquify 90 (Line: 683)  Cannot find object "U0_ClkDiv/U11" in design 'SYS_TOP'.
Info:  guide_uniquify 90 (Line: 683)  Cannot find object "U6_mux2X1/U1" in design 'SYS_TOP'.
Info:  guide_uniquify 90 (Line: 683)  Cannot find object "U5_mux2X1/U1" in design 'SYS_TOP'.
Info:  guide_uniquify 90 (Line: 683)  Cannot find object "U4_mux2X1/U1" in design 'SYS_TOP'.
Info:  guide_uniquify 90 (Line: 683)  Cannot find object "U3_mux2X1/U1" in design 'SYS_TOP'.
Info:  guide_uniquify 90 (Line: 683)  Cannot find object "U2_mux2X1/U1" in design 'SYS_TOP'.
Info:  guide_uniquify 90 (Line: 683)  Cannot find object "U1_mux2X1/U1" in design 'SYS_TOP'.
Info:  guide_uniquify 90 (Line: 683)  Cannot find object "U0_mux2X1/U1" in design 'SYS_TOP'.
Info:  guide_uniquify 98 (Line: 737)  Cannot find object "U0_ALU/dp_cluster_0/mult_49" in design 'SYS_TOP'.
Info:  Pre-verification of Ref:/WORK/ALU/div_52 SUCCEEDED.
Info:  Pre-verification of Ref:/WORK/ALU/mult_49 SUCCEEDED.
