Warning: Design 'SYS_TOP' has '1' unresolved references. For more detailed information, use the "link" command. (UID-341)
 
****************************************
check_design summary:
Version:     K-2015.06
Date:        Mon Sep 18 20:35:17 2023
****************************************

                   Name                                            Total
--------------------------------------------------------------------------------
Inputs/Outputs                                                      2
    Unconnected ports (LINT-28)                                     1
    Constant outputs (LINT-52)                                      1

Cells                                                              21
    Cells do not drive (LINT-1)                                    19
    Connected to power or ground (LINT-32)                          2

Tristate                                                            6
    A tristate bus has a non tri-state driver (LINT-34)             6
--------------------------------------------------------------------------------

Warning: In design 'ClkDiv', cell 'C120' does not drive any nets. (LINT-1)
Warning: In design 'ALU', cell 'C342' does not drive any nets. (LINT-1)
Warning: In design 'ALU', cell 'C343' does not drive any nets. (LINT-1)
Warning: In design 'ALU', cell 'C344' does not drive any nets. (LINT-1)
Warning: In design 'ALU', cell 'C345' does not drive any nets. (LINT-1)
Warning: In design 'ALU', cell 'C370' does not drive any nets. (LINT-1)
Warning: In design 'ALU', cell 'C372' does not drive any nets. (LINT-1)
Warning: In design 'ALU', cell 'C374' does not drive any nets. (LINT-1)
Warning: In design 'fifo_rd_P_SIZE4', cell 'C184' does not drive any nets. (LINT-1)
Warning: In design 'fifo_wr_P_SIZE4', cell 'C187' does not drive any nets. (LINT-1)
Warning: In design 'Serializer_WIDTH8', cell 'C99' does not drive any nets. (LINT-1)
Warning: In design 'uart_rx_fsm_DATA_WIDTH8', cell 'B_17' does not drive any nets. (LINT-1)
Warning: In design 'uart_rx_fsm_DATA_WIDTH8', cell 'B_18' does not drive any nets. (LINT-1)
Warning: In design 'uart_rx_fsm_DATA_WIDTH8', cell 'B_19' does not drive any nets. (LINT-1)
Warning: In design 'uart_rx_fsm_DATA_WIDTH8', cell 'C282' does not drive any nets. (LINT-1)
Warning: In design 'edge_bit_counter', cell 'C101' does not drive any nets. (LINT-1)
Warning: In design 'edge_bit_counter', cell 'C108' does not drive any nets. (LINT-1)
Warning: In design 'data_sampling', cell 'C127' does not drive any nets. (LINT-1)
Warning: In design 'deserializer_DATA_WIDTH8', cell 'B_0' does not drive any nets. (LINT-1)
Warning: In design 'data_sampling', port 'Prescale[0]' is not connected to any nets. (LINT-28)
Warning: In design 'UART_TX_DATA_WIDTH8', a pin on submodule 'U0_mux' is connected to logic 1 or logic 0. (LINT-32)
   Pin 'IN_0' is connected to logic 0. 
Warning: In design 'UART_TX_DATA_WIDTH8', a pin on submodule 'U0_mux' is connected to logic 1 or logic 0. (LINT-32)
   Pin 'IN_3' is connected to logic 1. 
Warning: In design 'SYS_TOP', three-state bus 'UART_Config[2]' has non three-state driver 'U0_RegFile/regArr_reg[2][2]/Q'. (LINT-34)
Warning: In design 'SYS_TOP', three-state bus 'UART_Config[3]' has non three-state driver 'U0_RegFile/regArr_reg[2][3]/Q'. (LINT-34)
Warning: In design 'SYS_TOP', three-state bus 'UART_Config[4]' has non three-state driver 'U0_RegFile/regArr_reg[2][4]/Q'. (LINT-34)
Warning: In design 'SYS_TOP', three-state bus 'UART_Config[5]' has non three-state driver 'U0_RegFile/regArr_reg[2][5]/Q'. (LINT-34)
Warning: In design 'SYS_TOP', three-state bus 'UART_Config[6]' has non three-state driver 'U0_RegFile/regArr_reg[2][6]/Q'. (LINT-34)
Warning: In design 'SYS_TOP', three-state bus 'UART_Config[7]' has non three-state driver 'U0_RegFile/regArr_reg[2][7]/Q'. (LINT-34)
Warning: In design 'SYS_CTRL', output port 'CLKDIV_EN' is connected directly to 'logic 1'. (LINT-52)
1
 
****************************************
check_design summary:
Version:     K-2015.06
Date:        Mon Sep 18 20:40:35 2023
****************************************

                   Name                                            Total
--------------------------------------------------------------------------------
Inputs/Outputs                                                      9
    Unconnected ports (LINT-28)                                     1
    Shorted outputs (LINT-31)                                       3
    Constant outputs (LINT-52)                                      5

Cells                                                              21
    Cells do not drive (LINT-1)                                    19
    Connected to power or ground (LINT-32)                          2
--------------------------------------------------------------------------------

Warning: In design 'ClkDiv', cell 'C120' does not drive any nets. (LINT-1)
Warning: In design 'ALU', cell 'C342' does not drive any nets. (LINT-1)
Warning: In design 'ALU', cell 'C343' does not drive any nets. (LINT-1)
Warning: In design 'ALU', cell 'C344' does not drive any nets. (LINT-1)
Warning: In design 'ALU', cell 'C345' does not drive any nets. (LINT-1)
Warning: In design 'ALU', cell 'C370' does not drive any nets. (LINT-1)
Warning: In design 'ALU', cell 'C372' does not drive any nets. (LINT-1)
Warning: In design 'ALU', cell 'C374' does not drive any nets. (LINT-1)
Warning: In design 'fifo_rd_P_SIZE4', cell 'C184' does not drive any nets. (LINT-1)
Warning: In design 'fifo_wr_P_SIZE4', cell 'C187' does not drive any nets. (LINT-1)
Warning: In design 'Serializer_WIDTH8', cell 'C99' does not drive any nets. (LINT-1)
Warning: In design 'uart_rx_fsm_DATA_WIDTH8', cell 'B_17' does not drive any nets. (LINT-1)
Warning: In design 'uart_rx_fsm_DATA_WIDTH8', cell 'B_18' does not drive any nets. (LINT-1)
Warning: In design 'uart_rx_fsm_DATA_WIDTH8', cell 'B_19' does not drive any nets. (LINT-1)
Warning: In design 'uart_rx_fsm_DATA_WIDTH8', cell 'C282' does not drive any nets. (LINT-1)
Warning: In design 'edge_bit_counter', cell 'C101' does not drive any nets. (LINT-1)
Warning: In design 'edge_bit_counter', cell 'C108' does not drive any nets. (LINT-1)
Warning: In design 'data_sampling', cell 'C127' does not drive any nets. (LINT-1)
Warning: In design 'deserializer_DATA_WIDTH8', cell 'B_0' does not drive any nets. (LINT-1)
Warning: In design 'data_sampling', port 'Prescale[0]' is not connected to any nets. (LINT-28)
Warning: In design 'CLKDIV_MUX', output port 'OUT[7]' is connected directly to output port 'OUT[4]'. (LINT-31)
Warning: In design 'CLKDIV_MUX', output port 'OUT[7]' is connected directly to output port 'OUT[5]'. (LINT-31)
Warning: In design 'CLKDIV_MUX', output port 'OUT[7]' is connected directly to output port 'OUT[6]'. (LINT-31)
Warning: In design 'UART_TX_DATA_WIDTH8', a pin on submodule 'U0_mux' is connected to logic 1 or logic 0. (LINT-32)
   Pin 'IN_0' is connected to logic 0. 
Warning: In design 'UART_TX_DATA_WIDTH8', a pin on submodule 'U0_mux' is connected to logic 1 or logic 0. (LINT-32)
   Pin 'IN_3' is connected to logic 1. 
Warning: In design 'CLKDIV_MUX', output port 'OUT[7]' is connected directly to 'logic 0'. (LINT-52)
Warning: In design 'CLKDIV_MUX', output port 'OUT[6]' is connected directly to 'logic 0'. (LINT-52)
Warning: In design 'CLKDIV_MUX', output port 'OUT[5]' is connected directly to 'logic 0'. (LINT-52)
Warning: In design 'CLKDIV_MUX', output port 'OUT[4]' is connected directly to 'logic 0'. (LINT-52)
Warning: In design 'SYS_CTRL', output port 'CLKDIV_EN' is connected directly to 'logic 1'. (LINT-52)
1
 
****************************************
check_design summary:
Version:     K-2015.06
Date:        Mon Sep 18 20:42:04 2023
****************************************

                   Name                                            Total
--------------------------------------------------------------------------------
Inputs/Outputs                                                      9
    Unconnected ports (LINT-28)                                     1
    Shorted outputs (LINT-31)                                       3
    Constant outputs (LINT-52)                                      5

Cells                                                              21
    Cells do not drive (LINT-1)                                    19
    Connected to power or ground (LINT-32)                          2
--------------------------------------------------------------------------------

Warning: In design 'ClkDiv', cell 'C120' does not drive any nets. (LINT-1)
Warning: In design 'ALU', cell 'C342' does not drive any nets. (LINT-1)
Warning: In design 'ALU', cell 'C343' does not drive any nets. (LINT-1)
Warning: In design 'ALU', cell 'C344' does not drive any nets. (LINT-1)
Warning: In design 'ALU', cell 'C345' does not drive any nets. (LINT-1)
Warning: In design 'ALU', cell 'C370' does not drive any nets. (LINT-1)
Warning: In design 'ALU', cell 'C372' does not drive any nets. (LINT-1)
Warning: In design 'ALU', cell 'C374' does not drive any nets. (LINT-1)
Warning: In design 'fifo_rd_P_SIZE4', cell 'C184' does not drive any nets. (LINT-1)
Warning: In design 'fifo_wr_P_SIZE4', cell 'C187' does not drive any nets. (LINT-1)
Warning: In design 'Serializer_WIDTH8', cell 'C99' does not drive any nets. (LINT-1)
Warning: In design 'uart_rx_fsm_DATA_WIDTH8', cell 'B_17' does not drive any nets. (LINT-1)
Warning: In design 'uart_rx_fsm_DATA_WIDTH8', cell 'B_18' does not drive any nets. (LINT-1)
Warning: In design 'uart_rx_fsm_DATA_WIDTH8', cell 'B_19' does not drive any nets. (LINT-1)
Warning: In design 'uart_rx_fsm_DATA_WIDTH8', cell 'C282' does not drive any nets. (LINT-1)
Warning: In design 'edge_bit_counter', cell 'C101' does not drive any nets. (LINT-1)
Warning: In design 'edge_bit_counter', cell 'C108' does not drive any nets. (LINT-1)
Warning: In design 'data_sampling', cell 'C127' does not drive any nets. (LINT-1)
Warning: In design 'deserializer_DATA_WIDTH8', cell 'B_0' does not drive any nets. (LINT-1)
Warning: In design 'data_sampling', port 'Prescale[0]' is not connected to any nets. (LINT-28)
Warning: In design 'CLKDIV_MUX', output port 'OUT[7]' is connected directly to output port 'OUT[4]'. (LINT-31)
Warning: In design 'CLKDIV_MUX', output port 'OUT[7]' is connected directly to output port 'OUT[5]'. (LINT-31)
Warning: In design 'CLKDIV_MUX', output port 'OUT[7]' is connected directly to output port 'OUT[6]'. (LINT-31)
Warning: In design 'UART_TX_DATA_WIDTH8', a pin on submodule 'U0_mux' is connected to logic 1 or logic 0. (LINT-32)
   Pin 'IN_0' is connected to logic 0. 
Warning: In design 'UART_TX_DATA_WIDTH8', a pin on submodule 'U0_mux' is connected to logic 1 or logic 0. (LINT-32)
   Pin 'IN_3' is connected to logic 1. 
Warning: In design 'CLKDIV_MUX', output port 'OUT[7]' is connected directly to 'logic 0'. (LINT-52)
Warning: In design 'CLKDIV_MUX', output port 'OUT[6]' is connected directly to 'logic 0'. (LINT-52)
Warning: In design 'CLKDIV_MUX', output port 'OUT[5]' is connected directly to 'logic 0'. (LINT-52)
Warning: In design 'CLKDIV_MUX', output port 'OUT[4]' is connected directly to 'logic 0'. (LINT-52)
Warning: In design 'SYS_CTRL', output port 'CLKDIV_EN' is connected directly to 'logic 1'. (LINT-52)
1
 
****************************************
check_design summary:
Version:     K-2015.06
Date:        Mon Sep 18 20:52:21 2023
****************************************

                   Name                                            Total
--------------------------------------------------------------------------------
Inputs/Outputs                                                      9
    Unconnected ports (LINT-28)                                     1
    Shorted outputs (LINT-31)                                       3
    Constant outputs (LINT-52)                                      5

Cells                                                              21
    Cells do not drive (LINT-1)                                    19
    Connected to power or ground (LINT-32)                          2
--------------------------------------------------------------------------------

Warning: In design 'ClkDiv', cell 'C120' does not drive any nets. (LINT-1)
Warning: In design 'ALU', cell 'C342' does not drive any nets. (LINT-1)
Warning: In design 'ALU', cell 'C343' does not drive any nets. (LINT-1)
Warning: In design 'ALU', cell 'C344' does not drive any nets. (LINT-1)
Warning: In design 'ALU', cell 'C345' does not drive any nets. (LINT-1)
Warning: In design 'ALU', cell 'C370' does not drive any nets. (LINT-1)
Warning: In design 'ALU', cell 'C372' does not drive any nets. (LINT-1)
Warning: In design 'ALU', cell 'C374' does not drive any nets. (LINT-1)
Warning: In design 'fifo_rd_P_SIZE4', cell 'C184' does not drive any nets. (LINT-1)
Warning: In design 'fifo_wr_P_SIZE4', cell 'C187' does not drive any nets. (LINT-1)
Warning: In design 'Serializer_WIDTH8', cell 'C99' does not drive any nets. (LINT-1)
Warning: In design 'uart_rx_fsm_DATA_WIDTH8', cell 'B_17' does not drive any nets. (LINT-1)
Warning: In design 'uart_rx_fsm_DATA_WIDTH8', cell 'B_18' does not drive any nets. (LINT-1)
Warning: In design 'uart_rx_fsm_DATA_WIDTH8', cell 'B_19' does not drive any nets. (LINT-1)
Warning: In design 'uart_rx_fsm_DATA_WIDTH8', cell 'C282' does not drive any nets. (LINT-1)
Warning: In design 'edge_bit_counter', cell 'C101' does not drive any nets. (LINT-1)
Warning: In design 'edge_bit_counter', cell 'C108' does not drive any nets. (LINT-1)
Warning: In design 'data_sampling', cell 'C127' does not drive any nets. (LINT-1)
Warning: In design 'deserializer_DATA_WIDTH8', cell 'B_0' does not drive any nets. (LINT-1)
Warning: In design 'data_sampling', port 'Prescale[0]' is not connected to any nets. (LINT-28)
Warning: In design 'CLKDIV_MUX', output port 'OUT[7]' is connected directly to output port 'OUT[4]'. (LINT-31)
Warning: In design 'CLKDIV_MUX', output port 'OUT[7]' is connected directly to output port 'OUT[5]'. (LINT-31)
Warning: In design 'CLKDIV_MUX', output port 'OUT[7]' is connected directly to output port 'OUT[6]'. (LINT-31)
Warning: In design 'UART_TX_DATA_WIDTH8', a pin on submodule 'U0_mux' is connected to logic 1 or logic 0. (LINT-32)
   Pin 'IN_0' is connected to logic 0. 
Warning: In design 'UART_TX_DATA_WIDTH8', a pin on submodule 'U0_mux' is connected to logic 1 or logic 0. (LINT-32)
   Pin 'IN_3' is connected to logic 1. 
Warning: In design 'CLKDIV_MUX', output port 'OUT[7]' is connected directly to 'logic 0'. (LINT-52)
Warning: In design 'CLKDIV_MUX', output port 'OUT[6]' is connected directly to 'logic 0'. (LINT-52)
Warning: In design 'CLKDIV_MUX', output port 'OUT[5]' is connected directly to 'logic 0'. (LINT-52)
Warning: In design 'CLKDIV_MUX', output port 'OUT[4]' is connected directly to 'logic 0'. (LINT-52)
Warning: In design 'SYS_CTRL', output port 'CLKDIV_EN' is connected directly to 'logic 1'. (LINT-52)
1
 
****************************************
check_design summary:
Version:     K-2015.06
Date:        Tue Sep 19 01:17:45 2023
****************************************

                   Name                                            Total
--------------------------------------------------------------------------------
Inputs/Outputs                                                      9
    Unconnected ports (LINT-28)                                     1
    Shorted outputs (LINT-31)                                       3
    Constant outputs (LINT-52)                                      5

Cells                                                              21
    Cells do not drive (LINT-1)                                    19
    Connected to power or ground (LINT-32)                          2
--------------------------------------------------------------------------------

Warning: In design 'ClkDiv', cell 'C120' does not drive any nets. (LINT-1)
Warning: In design 'ALU', cell 'C342' does not drive any nets. (LINT-1)
Warning: In design 'ALU', cell 'C343' does not drive any nets. (LINT-1)
Warning: In design 'ALU', cell 'C344' does not drive any nets. (LINT-1)
Warning: In design 'ALU', cell 'C345' does not drive any nets. (LINT-1)
Warning: In design 'ALU', cell 'C370' does not drive any nets. (LINT-1)
Warning: In design 'ALU', cell 'C372' does not drive any nets. (LINT-1)
Warning: In design 'ALU', cell 'C374' does not drive any nets. (LINT-1)
Warning: In design 'fifo_rd_P_SIZE4', cell 'C184' does not drive any nets. (LINT-1)
Warning: In design 'fifo_wr_P_SIZE4', cell 'C187' does not drive any nets. (LINT-1)
Warning: In design 'Serializer_WIDTH8', cell 'C99' does not drive any nets. (LINT-1)
Warning: In design 'uart_rx_fsm_DATA_WIDTH8', cell 'B_17' does not drive any nets. (LINT-1)
Warning: In design 'uart_rx_fsm_DATA_WIDTH8', cell 'B_18' does not drive any nets. (LINT-1)
Warning: In design 'uart_rx_fsm_DATA_WIDTH8', cell 'B_19' does not drive any nets. (LINT-1)
Warning: In design 'uart_rx_fsm_DATA_WIDTH8', cell 'C282' does not drive any nets. (LINT-1)
Warning: In design 'edge_bit_counter', cell 'C101' does not drive any nets. (LINT-1)
Warning: In design 'edge_bit_counter', cell 'C108' does not drive any nets. (LINT-1)
Warning: In design 'data_sampling', cell 'C127' does not drive any nets. (LINT-1)
Warning: In design 'deserializer_DATA_WIDTH8', cell 'B_0' does not drive any nets. (LINT-1)
Warning: In design 'data_sampling', port 'Prescale[0]' is not connected to any nets. (LINT-28)
Warning: In design 'CLKDIV_MUX', output port 'OUT[7]' is connected directly to output port 'OUT[4]'. (LINT-31)
Warning: In design 'CLKDIV_MUX', output port 'OUT[7]' is connected directly to output port 'OUT[5]'. (LINT-31)
Warning: In design 'CLKDIV_MUX', output port 'OUT[7]' is connected directly to output port 'OUT[6]'. (LINT-31)
Warning: In design 'UART_TX_DATA_WIDTH8', a pin on submodule 'U0_mux' is connected to logic 1 or logic 0. (LINT-32)
   Pin 'IN_0' is connected to logic 0. 
Warning: In design 'UART_TX_DATA_WIDTH8', a pin on submodule 'U0_mux' is connected to logic 1 or logic 0. (LINT-32)
   Pin 'IN_3' is connected to logic 1. 
Warning: In design 'CLKDIV_MUX', output port 'OUT[7]' is connected directly to 'logic 0'. (LINT-52)
Warning: In design 'CLKDIV_MUX', output port 'OUT[6]' is connected directly to 'logic 0'. (LINT-52)
Warning: In design 'CLKDIV_MUX', output port 'OUT[5]' is connected directly to 'logic 0'. (LINT-52)
Warning: In design 'CLKDIV_MUX', output port 'OUT[4]' is connected directly to 'logic 0'. (LINT-52)
Warning: In design 'SYS_CTRL', output port 'CLKDIV_EN' is connected directly to 'logic 1'. (LINT-52)
1
